# JRE version: OpenJDK Runtime Environment (21.0.12+8) (build 21.0.12+8-1-24.04-Ubuntu)
# Java VM: OpenJDK 64-Bit Server VM (21.0.12+8-1-24.04-Ubuntu, mixed mode, sharing, tiered, compressed oops, compressed class ptrs, g1 gc, linux-s390x)
GC Precious Log:
 CardTable entry size: 512
 Card Set container configuration: InlinePtr #cards 4 size 8 Array Of Cards #cards 16 size 48 Howl #buckets 8 coarsen threshold 3686 Howl Bitmap #cards 512 size 80 coarsen threshold 460 Card regions per heap region 1 cards per card region 4096
 CPUs: 4 total, 4 available
 Memory: 16074M
 Large Page Support: Disabled
 NUMA Support: Disabled
 Compressed Oops: Enabled (Zero based)
 Heap Region Size: 2M
 Heap Min Capacity: 8M
 Heap Initial Capacity: 8M
 Heap Max Capacity: 4020M
 Pre-touch: Disabled
 Parallel Workers: 4
 Concurrent Workers: 1
 Concurrent Refinement Workers: 4
 Periodic GC: Disabled
Heap:
 garbage-first heap   total 313344K, used 212992K [0x0000000704c00000, 0x0000000800000000)
  region size 2048K, 63 young (129024K), 12 survivors (24576K)
 Metaspace       used 6769K, committed 7168K, reserved 1114112K
  class space    used 815K, committed 1024K, reserved 1048576K
GC Heap History (20 events):
Event: 1.103 GC heap before
{Heap before GC invocations=20 (full 0):
 garbage-first heap   total 122880K, used 96366K [0x0000000704c00000, 0x0000000800000000)
  region size 2048K, 36 young (73728K), 4 survivors (8192K)
 Metaspace       used 5322K, committed 5568K, reserved 1114112K
  class space    used 642K, committed 768K, reserved 1048576K
}
Event: 1.107 GC heap after
{Heap after GC invocations=21 (full 0):
 garbage-first heap   total 122880K, used 33070K [0x0000000704c00000, 0x0000000800000000)
  region size 2048K, 4 young (8192K), 4 survivors (8192K)
 Metaspace       used 5322K, committed 5568K, reserved 1114112K
  class space    used 642K, committed 768K, reserved 1048576K
}
Event: 1.155 GC heap before
{Heap before GC invocations=21 (full 0):
 garbage-first heap   total 122880K, used 98606K [0x0000000704c00000, 0x0000000800000000)
  region size 2048K, 36 young (73728K), 4 survivors (8192K)
 Metaspace       used 5332K, committed 5568K, reserved 1114112K
  class space    used 642K, committed 768K, reserved 1048576K
}
Event: 1.157 GC heap after
{Heap after GC invocations=22 (full 0):
 garbage-first heap   total 122880K, used 36341K [0x0000000704c00000, 0x0000000800000000)
  region size 2048K, 3 young (6144K), 3 survivors (6144K)
 Metaspace       used 5332K, committed 5568K, reserved 1114112K
  class space    used 642K, committed 768K, reserved 1048576K
}
Event: 1.207 GC heap before
{Heap before GC invocations=22 (full 0):
 garbage-first heap   total 122880K, used 103925K [0x0000000704c00000, 0x0000000800000000)
  region size 2048K, 36 young (73728K), 3 survivors (6144K)
 Metaspace       used 5332K, committed 5568K, reserved 1114112K
  class space    used 642K, committed 768K, reserved 1048576K
}
Event: 1.211 GC heap after
{Heap after GC invocations=23 (full 0):
 garbage-first heap   total 180224K, used 39191K [0x0000000704c00000, 0x0000000800000000)
  region size 2048K, 3 young (6144K), 3 survivors (6144K)
 Metaspace       used 5332K, committed 5568K, reserved 1114112K
  class space    used 642K, committed 768K, reserved 1048576K
}
Event: 1.293 GC heap before
{Heap before GC invocations=23 (full 0):
 garbage-first heap   total 180224K, used 139543K [0x0000000704c00000, 0x0000000800000000)
  region size 2048K, 52 young (106496K), 3 survivors (6144K)
 Metaspace       used 5333K, committed 5568K, reserved 1114112K
  class space    used 642K, committed 768K, reserved 1048576K
}
Event: 1.297 GC heap after
{Heap after GC invocations=24 (full 0):
 garbage-first heap   total 180224K, used 44280K [0x0000000704c00000, 0x0000000800000000)
  region size 2048K, 6 young (12288K), 6 survivors (12288K)
 Metaspace       used 5333K, committed 5568K, reserved 1114112K
  class space    used 642K, committed 768K, reserved 1048576K
}
Event: 1.359 GC heap before
{Heap before GC invocations=24 (full 0):
 garbage-first heap   total 180224K, used 138488K [0x0000000704c00000, 0x0000000800000000)
  region size 2048K, 52 young (106496K), 6 survivors (12288K)
 Metaspace       used 5334K, committed 5568K, reserved 1114112K
  class space    used 642K, committed 768K, reserved 1048576K
}
Event: 1.365 GC heap after
{Heap after GC invocations=25 (full 0):
 garbage-first heap   total 180224K, used 49712K [0x0000000704c00000, 0x0000000800000000)
  region size 2048K, 6 young (12288K), 6 survivors (12288K)
 Metaspace       used 5334K, committed 5568K, reserved 1114112K
  class space    used 642K, committed 768K, reserved 1048576K
}
Event: 1.432 GC heap before
{Heap before GC invocations=25 (full 0):
 garbage-first heap   total 180224K, used 143920K [0x0000000704c00000, 0x0000000800000000)
  region size 2048K, 52 young (106496K), 6 survivors (12288K)
 Metaspace       used 5334K, committed 5568K, reserved 1114112K
  class space    used 642K, committed 768K, reserved 1048576K
}
Event: 1.436 GC heap after
{Heap after GC invocations=26 (full 0):
 garbage-first heap   total 180224K, used 53620K [0x0000000704c00000, 0x0000000800000000)
  region size 2048K, 5 young (10240K), 5 survivors (10240K)
 Metaspace       used 5334K, committed 5568K, reserved 1114112K
  class space    used 642K, committed 768K, reserved 1048576K
}
Event: 1.499 GC heap before
{Heap before GC invocations=26 (full 0):
 garbage-first heap   total 180224K, used 149876K [0x0000000704c00000, 0x0000000800000000)
  region size 2048K, 52 young (106496K), 5 survivors (10240K)
 Metaspace       used 5334K, committed 5568K, reserved 1114112K
  class space    used 642K, committed 768K, reserved 1048576K
}
Event: 1.503 GC heap after
{Heap after GC invocations=27 (full 0):
 garbage-first heap   total 313344K, used 56760K [0x0000000704c00000, 0x0000000800000000)
  region size 2048K, 4 young (8192K), 4 survivors (8192K)
 Metaspace       used 5334K, committed 5568K, reserved 1114112K
  class space    used 642K, committed 768K, reserved 1048576K
}
Event: 1.641 GC heap before
{Heap before GC invocations=27 (full 0):
 garbage-first heap   total 313344K, used 234936K [0x0000000704c00000, 0x0000000800000000)
  region size 2048K, 91 young (186368K), 4 survivors (8192K)
 Metaspace       used 5334K, committed 5568K, reserved 1114112K
  class space    used 642K, committed 768K, reserved 1048576K
}
Event: 1.647 GC heap after
{Heap after GC invocations=28 (full 0):
 garbage-first heap   total 313344K, used 65165K [0x0000000704c00000, 0x0000000800000000)
  region size 2048K, 8 young (16384K), 8 survivors (16384K)
 Metaspace       used 5334K, committed 5568K, reserved 1114112K
  class space    used 642K, committed 768K, reserved 1048576K
}
Event: 1.734 GC heap before
{Heap before GC invocations=28 (full 0):
 garbage-first heap   total 313344K, used 235149K [0x0000000704c00000, 0x0000000800000000)
  region size 2048K, 91 young (186368K), 8 survivors (16384K)
 Metaspace       used 5334K, committed 5568K, reserved 1114112K
  class space    used 642K, committed 768K, reserved 1048576K
}
Event: 1.740 GC heap after
{Heap after GC invocations=29 (full 0):
 garbage-first heap   total 313344K, used 72624K [0x0000000704c00000, 0x0000000800000000)
  region size 2048K, 10 young (20480K), 10 survivors (20480K)
 Metaspace       used 5334K, committed 5568K, reserved 1114112K
  class space    used 642K, committed 768K, reserved 1048576K
}
Event: 2.099 GC heap before
{Heap before GC invocations=29 (full 0):
 garbage-first heap   total 313344K, used 261040K [0x0000000704c00000, 0x0000000800000000)
  region size 2048K, 91 young (186368K), 10 survivors (20480K)
 Metaspace       used 6492K, committed 6848K, reserved 1114112K
  class space    used 786K, committed 960K, reserved 1048576K
}
Event: 2.116 GC heap after
{Heap after GC invocations=30 (full 0):
 garbage-first heap   total 313344K, used 112640K [0x0000000704c00000, 0x0000000800000000)
  region size 2048K, 12 young (24576K), 12 survivors (24576K)
 Metaspace       used 6492K, committed 6848K, reserved 1114112K
  class space    used 786K, committed 960K, reserved 1048576K
}

